{"name": "test for search dropdown", "status": "broken", "statusDetails": {"message": "selenium.common.exceptions.NoSuchElementException: Message: no such element: Unable to locate element: {\"method\":\"xpath\",\"selector\":\"//p-dropdownitem[1]\"}\n  (Session info: chrome=109.0.5414.120)\nStacktrace:\nBacktrace:\n\t(No symbol) [0x00FA6643]\n\t(No symbol) [0x00F3BE21]\n\t(No symbol) [0x00E3DA9D]\n\t(No symbol) [0x00E71342]\n\t(No symbol) [0x00E7147B]\n\t(No symbol) [0x00E664C1]\n\t(No symbol) [0x00E8FDC4]\n\t(No symbol) [0x00E6641F]\n\t(No symbol) [0x00E900D4]\n\t(No symbol) [0x00EA6B09]\n\t(No symbol) [0x00E8FB76]\n\t(No symbol) [0x00E649C1]\n\t(No symbol) [0x00E65E5D]\n\tGetHandleVerifier [0x0121A142+2497106]\n\tGetHandleVerifier [0x012485D3+2686691]\n\tGetHandleVerifier [0x0124BB9C+2700460]\n\tGetHandleVerifier [0x01053B10+635936]\n\t(No symbol) [0x00F44A1F]\n\t(No symbol) [0x00F4A418]\n\t(No symbol) [0x00F4A505]\n\t(No symbol) [0x00F5508B]\n\tBaseThreadInitThunk [0x754E00F9+25]\n\tRtlGetAppContainerNamedObjectPath [0x77307BBE+286]\n\tRtlGetAppContainerNamedObjectPath [0x77307B8E+238]\n\n", "trace": "  File \"C:\\Users\\LENOVO\\Desktop\\JERUSALEMMUNI\\venv\\Lib\\site-packages\\behave\\model.py\", line 1329, in run\n    match.run(runner.context)\n  File \"C:\\Users\\LENOVO\\Desktop\\JERUSALEMMUNI\\venv\\Lib\\site-packages\\behave\\matchers.py\", line 98, in run\n    self.func(context, *args, **kwargs)\n  File \"steps\\general.py\", line 72, in write_into_text_field\n    widget.set_text(text)\n  File \"C:\\Users\\LENOVO\\Desktop\\JERUSALEMMUNI\\packages\\ui_widgets\\search_dropdown_field.py\", line 53, in set_text\n    self.find_by_text(text)\n  File \"C:\\Users\\LENOVO\\Desktop\\JERUSALEMMUNI\\packages\\ui_widgets\\search_dropdown_field.py\", line 40, in find_by_text\n    first_result = self.dropdown_widget.find_element(self.locator['By'], \"//p-dropdownitem[1]\")\n                   ^^^^^^^^^^^^^^^^^^^^^^^^^^^^^^^^^^^^^^^^^^^^^^^^^^^^^^^^^^^^^^^^^^^^^^^^^^^^\n  File \"C:\\Users\\LENOVO\\Desktop\\JERUSALEMMUNI\\venv\\Lib\\site-packages\\selenium\\webdriver\\remote\\webelement.py\", line 425, in find_element\n    return self._execute(Command.FIND_CHILD_ELEMENT, {\"using\": by, \"value\": value})[\"value\"]\n           ^^^^^^^^^^^^^^^^^^^^^^^^^^^^^^^^^^^^^^^^^^^^^^^^^^^^^^^^^^^^^^^^^^^^^^^^\n  File \"C:\\Users\\LENOVO\\Desktop\\JERUSALEMMUNI\\venv\\Lib\\site-packages\\selenium\\webdriver\\remote\\webelement.py\", line 403, in _execute\n    return self._parent.execute(command, params)\n           ^^^^^^^^^^^^^^^^^^^^^^^^^^^^^^^^^^^^^\n  File \"C:\\Users\\LENOVO\\Desktop\\JERUSALEMMUNI\\venv\\Lib\\site-packages\\selenium\\webdriver\\remote\\webdriver.py\", line 440, in execute\n    self.error_handler.check_response(response)\n  File \"C:\\Users\\LENOVO\\Desktop\\JERUSALEMMUNI\\venv\\Lib\\site-packages\\selenium\\webdriver\\remote\\errorhandler.py\", line 245, in check_response\n    raise exception_class(message, screen, stacktrace)\n"}, "steps": [{"name": "Given I navigate to \"FreedomInfo\" page", "status": "passed", "start": 1675983535599, "stop": 1675983535599}, {"name": "When I write \"החלוץ\" in \"רחוב\"", "status": "broken", "statusDetails": {"message": "selenium.common.exceptions.NoSuchElementException: Message: no such element: Unable to locate element: {\"method\":\"xpath\",\"selector\":\"//p-dropdownitem[1]\"}\n  (Session info: chrome=109.0.5414.120)\nStacktrace:\nBacktrace:\n\t(No symbol) [0x00FA6643]\n\t(No symbol) [0x00F3BE21]\n\t(No symbol) [0x00E3DA9D]\n\t(No symbol) [0x00E71342]\n\t(No symbol) [0x00E7147B]\n\t(No symbol) [0x00E664C1]\n\t(No symbol) [0x00E8FDC4]\n\t(No symbol) [0x00E6641F]\n\t(No symbol) [0x00E900D4]\n\t(No symbol) [0x00EA6B09]\n\t(No symbol) [0x00E8FB76]\n\t(No symbol) [0x00E649C1]\n\t(No symbol) [0x00E65E5D]\n\tGetHandleVerifier [0x0121A142+2497106]\n\tGetHandleVerifier [0x012485D3+2686691]\n\tGetHandleVerifier [0x0124BB9C+2700460]\n\tGetHandleVerifier [0x01053B10+635936]\n\t(No symbol) [0x00F44A1F]\n\t(No symbol) [0x00F4A418]\n\t(No symbol) [0x00F4A505]\n\t(No symbol) [0x00F5508B]\n\tBaseThreadInitThunk [0x754E00F9+25]\n\tRtlGetAppContainerNamedObjectPath [0x77307BBE+286]\n\tRtlGetAppContainerNamedObjectPath [0x77307B8E+238]\n\n", "trace": "  File \"C:\\Users\\LENOVO\\Desktop\\JERUSALEMMUNI\\venv\\Lib\\site-packages\\behave\\model.py\", line 1329, in run\n    match.run(runner.context)\n  File \"C:\\Users\\LENOVO\\Desktop\\JERUSALEMMUNI\\venv\\Lib\\site-packages\\behave\\matchers.py\", line 98, in run\n    self.func(context, *args, **kwargs)\n  File \"steps\\general.py\", line 72, in write_into_text_field\n    widget.set_text(text)\n  File \"C:\\Users\\LENOVO\\Desktop\\JERUSALEMMUNI\\packages\\ui_widgets\\search_dropdown_field.py\", line 53, in set_text\n    self.find_by_text(text)\n  File \"C:\\Users\\LENOVO\\Desktop\\JERUSALEMMUNI\\packages\\ui_widgets\\search_dropdown_field.py\", line 40, in find_by_text\n    first_result = self.dropdown_widget.find_element(self.locator['By'], \"//p-dropdownitem[1]\")\n                   ^^^^^^^^^^^^^^^^^^^^^^^^^^^^^^^^^^^^^^^^^^^^^^^^^^^^^^^^^^^^^^^^^^^^^^^^^^^^\n  File \"C:\\Users\\LENOVO\\Desktop\\JERUSALEMMUNI\\venv\\Lib\\site-packages\\selenium\\webdriver\\remote\\webelement.py\", line 425, in find_element\n    return self._execute(Command.FIND_CHILD_ELEMENT, {\"using\": by, \"value\": value})[\"value\"]\n           ^^^^^^^^^^^^^^^^^^^^^^^^^^^^^^^^^^^^^^^^^^^^^^^^^^^^^^^^^^^^^^^^^^^^^^^^\n  File \"C:\\Users\\LENOVO\\Desktop\\JERUSALEMMUNI\\venv\\Lib\\site-packages\\selenium\\webdriver\\remote\\webelement.py\", line 403, in _execute\n    return self._parent.execute(command, params)\n           ^^^^^^^^^^^^^^^^^^^^^^^^^^^^^^^^^^^^^\n  File \"C:\\Users\\LENOVO\\Desktop\\JERUSALEMMUNI\\venv\\Lib\\site-packages\\selenium\\webdriver\\remote\\webdriver.py\", line 440, in execute\n    self.error_handler.check_response(response)\n  File \"C:\\Users\\LENOVO\\Desktop\\JERUSALEMMUNI\\venv\\Lib\\site-packages\\selenium\\webdriver\\remote\\errorhandler.py\", line 245, in check_response\n    raise exception_class(message, screen, stacktrace)\n"}, "attachments": [{"name": "ScreenShot After Failure", "source": "85a8c9d6-6b3e-4c1e-a0c9-47f86ab3ece0-attachment.png", "type": "image/png"}], "start": 1675983535599, "stop": 1675983535999}, {"name": "Then field \"רחוב\" has valid value", "status": "failed", "statusDetails": {"message": "AssertionError: Field רחוב considered as invalid in the valid values test\n", "trace": "  File \"C:\\Users\\LENOVO\\Desktop\\JERUSALEMMUNI\\venv\\Lib\\site-packages\\behave\\model.py\", line 1329, in run\n    match.run(runner.context)\n  File \"C:\\Users\\LENOVO\\Desktop\\JERUSALEMMUNI\\venv\\Lib\\site-packages\\behave\\matchers.py\", line 98, in run\n    self.func(context, *args, **kwargs)\n  File \"steps\\general.py\", line 189, in field_has_valid_value\n    assert widget.is_valid is True, f\"Field {widget_name} considered as invalid in the valid values test\"\n           ^^^^^^^^^^^^^^^^^^^^^^^\n"}, "attachments": [{"name": "ScreenShot After Failure", "source": "0e311723-0bdc-4c49-ad3f-7e069ac62664-attachment.png", "type": "image/png"}], "start": 1675983535999, "stop": 1675983536169}], "start": 1675983535598, "stop": 1675983536170, "uuid": "68a02f22-e44a-4e09-9982-67d0c60c6234", "historyId": "4feb3eb1afaac6fe70e42be6183d8395", "fullName": "Testing FreedomInfo page: test for search dropdown", "labels": [{"name": "severity", "value": "normal"}, {"name": "feature", "value": "Testing FreedomInfo page"}, {"name": "framework", "value": "behave"}, {"name": "language", "value": "cpython3"}]}