{"name": "Fill valid values except First Name field, then click continue button to check the process,", "status": "broken", "statusDetails": {"message": "selenium.common.exceptions.ElementClickInterceptedException: Message: element click intercepted: Element <p-dropdown itemsize=\"30\" class=\"ng-tns-c58-1 ng-touched p-inputwrapper-filled ng-dirty ng-valid\">...</p-dropdown> is not clickable at point (473, 261). Other element would receive the click: <div id=\"INDmenuOverlay\"></div>\n  (Session info: chrome=109.0.5414.120)\nStacktrace:\nBacktrace:\n\t(No symbol) [0x00FA6643]\n\t(No symbol) [0x00F3BE21]\n\t(No symbol) [0x00E3DA9D]\n\t(No symbol) [0x00E792B2]\n\t(No symbol) [0x00E76970]\n\t(No symbol) [0x00E73E0B]\n\t(No symbol) [0x00E72548]\n\t(No symbol) [0x00E66B13]\n\t(No symbol) [0x00E8FD7C]\n\t(No symbol) [0x00E6641F]\n\t(No symbol) [0x00E900D4]\n\t(No symbol) [0x00EA6B09]\n\t(No symbol) [0x00E8FB76]\n\t(No symbol) [0x00E649C1]\n\t(No symbol) [0x00E65E5D]\n\tGetHandleVerifier [0x0121A142+2497106]\n\tGetHandleVerifier [0x012485D3+2686691]\n\tGetHandleVerifier [0x0124BB9C+2700460]\n\tGetHandleVerifier [0x01053B10+635936]\n\t(No symbol) [0x00F44A1F]\n\t(No symbol) [0x00F4A418]\n\t(No symbol) [0x00F4A505]\n\t(No symbol) [0x00F5508B]\n\tBaseThreadInitThunk [0x754E00F9+25]\n\tRtlGetAppContainerNamedObjectPath [0x77307BBE+286]\n\tRtlGetAppContainerNamedObjectPath [0x77307B8E+238]\n\n", "trace": "  File \"C:\\Users\\LENOVO\\Desktop\\JERUSALEMMUNI\\venv\\Lib\\site-packages\\behave\\model.py\", line 1329, in run\n    match.run(runner.context)\n  File \"C:\\Users\\LENOVO\\Desktop\\JERUSALEMMUNI\\venv\\Lib\\site-packages\\behave\\matchers.py\", line 98, in run\n    self.func(context, *args, **kwargs)\n  File \"steps\\general.py\", line 74, in write_into_text_field\n    widget.set_text(text, False)\n  File \"C:\\Users\\LENOVO\\Desktop\\JERUSALEMMUNI\\packages\\ui_widgets\\dropdown_selector.py\", line 45, in set_text\n    self.select_listbox_item(text)\n  File \"C:\\Users\\LENOVO\\Desktop\\JERUSALEMMUNI\\packages\\ui_widgets\\dropdown_selector.py\", line 55, in select_listbox_item\n    self.click()\n  File \"C:\\Users\\LENOVO\\Desktop\\JERUSALEMMUNI\\packages\\ui_widgets\\dropdown_selector.py\", line 68, in click\n    self.web_element.click()\n  File \"C:\\Users\\LENOVO\\Desktop\\JERUSALEMMUNI\\venv\\Lib\\site-packages\\selenium\\webdriver\\remote\\webelement.py\", line 93, in click\n    self._execute(Command.CLICK_ELEMENT)\n  File \"C:\\Users\\LENOVO\\Desktop\\JERUSALEMMUNI\\venv\\Lib\\site-packages\\selenium\\webdriver\\remote\\webelement.py\", line 403, in _execute\n    return self._parent.execute(command, params)\n           ^^^^^^^^^^^^^^^^^^^^^^^^^^^^^^^^^^^^^\n  File \"C:\\Users\\LENOVO\\Desktop\\JERUSALEMMUNI\\venv\\Lib\\site-packages\\selenium\\webdriver\\remote\\webdriver.py\", line 440, in execute\n    self.error_handler.check_response(response)\n  File \"C:\\Users\\LENOVO\\Desktop\\JERUSALEMMUNI\\venv\\Lib\\site-packages\\selenium\\webdriver\\remote\\errorhandler.py\", line 245, in check_response\n    raise exception_class(message, screen, stacktrace)\n"}, "description": "it should give an alert message and will not continue to second page", "steps": [{"name": "Given I navigate to \"FreedomInfo\" page", "status": "passed", "start": 1675983540827, "stop": 1675983540828}, {"name": "When I write \"darweesh\" in \"שם פרטי\"", "status": "passed", "start": 1675983540828, "stop": 1675983540933}, {"name": "And I write \"קימרי\" in \"שם משפחה\"", "status": "passed", "start": 1675983540933, "stop": 1675983541029}, {"name": "And I write \"ת.ז.\" in \"סוג זיהוי\"", "status": "broken", "statusDetails": {"message": "selenium.common.exceptions.ElementClickInterceptedException: Message: element click intercepted: Element <p-dropdown itemsize=\"30\" class=\"ng-tns-c58-1 ng-touched p-inputwrapper-filled ng-dirty ng-valid\">...</p-dropdown> is not clickable at point (473, 261). Other element would receive the click: <div id=\"INDmenuOverlay\"></div>\n  (Session info: chrome=109.0.5414.120)\nStacktrace:\nBacktrace:\n\t(No symbol) [0x00FA6643]\n\t(No symbol) [0x00F3BE21]\n\t(No symbol) [0x00E3DA9D]\n\t(No symbol) [0x00E792B2]\n\t(No symbol) [0x00E76970]\n\t(No symbol) [0x00E73E0B]\n\t(No symbol) [0x00E72548]\n\t(No symbol) [0x00E66B13]\n\t(No symbol) [0x00E8FD7C]\n\t(No symbol) [0x00E6641F]\n\t(No symbol) [0x00E900D4]\n\t(No symbol) [0x00EA6B09]\n\t(No symbol) [0x00E8FB76]\n\t(No symbol) [0x00E649C1]\n\t(No symbol) [0x00E65E5D]\n\tGetHandleVerifier [0x0121A142+2497106]\n\tGetHandleVerifier [0x012485D3+2686691]\n\tGetHandleVerifier [0x0124BB9C+2700460]\n\tGetHandleVerifier [0x01053B10+635936]\n\t(No symbol) [0x00F44A1F]\n\t(No symbol) [0x00F4A418]\n\t(No symbol) [0x00F4A505]\n\t(No symbol) [0x00F5508B]\n\tBaseThreadInitThunk [0x754E00F9+25]\n\tRtlGetAppContainerNamedObjectPath [0x77307BBE+286]\n\tRtlGetAppContainerNamedObjectPath [0x77307B8E+238]\n\n", "trace": "  File \"C:\\Users\\LENOVO\\Desktop\\JERUSALEMMUNI\\venv\\Lib\\site-packages\\behave\\model.py\", line 1329, in run\n    match.run(runner.context)\n  File \"C:\\Users\\LENOVO\\Desktop\\JERUSALEMMUNI\\venv\\Lib\\site-packages\\behave\\matchers.py\", line 98, in run\n    self.func(context, *args, **kwargs)\n  File \"steps\\general.py\", line 74, in write_into_text_field\n    widget.set_text(text, False)\n  File \"C:\\Users\\LENOVO\\Desktop\\JERUSALEMMUNI\\packages\\ui_widgets\\dropdown_selector.py\", line 45, in set_text\n    self.select_listbox_item(text)\n  File \"C:\\Users\\LENOVO\\Desktop\\JERUSALEMMUNI\\packages\\ui_widgets\\dropdown_selector.py\", line 55, in select_listbox_item\n    self.click()\n  File \"C:\\Users\\LENOVO\\Desktop\\JERUSALEMMUNI\\packages\\ui_widgets\\dropdown_selector.py\", line 68, in click\n    self.web_element.click()\n  File \"C:\\Users\\LENOVO\\Desktop\\JERUSALEMMUNI\\venv\\Lib\\site-packages\\selenium\\webdriver\\remote\\webelement.py\", line 93, in click\n    self._execute(Command.CLICK_ELEMENT)\n  File \"C:\\Users\\LENOVO\\Desktop\\JERUSALEMMUNI\\venv\\Lib\\site-packages\\selenium\\webdriver\\remote\\webelement.py\", line 403, in _execute\n    return self._parent.execute(command, params)\n           ^^^^^^^^^^^^^^^^^^^^^^^^^^^^^^^^^^^^^\n  File \"C:\\Users\\LENOVO\\Desktop\\JERUSALEMMUNI\\venv\\Lib\\site-packages\\selenium\\webdriver\\remote\\webdriver.py\", line 440, in execute\n    self.error_handler.check_response(response)\n  File \"C:\\Users\\LENOVO\\Desktop\\JERUSALEMMUNI\\venv\\Lib\\site-packages\\selenium\\webdriver\\remote\\errorhandler.py\", line 245, in check_response\n    raise exception_class(message, screen, stacktrace)\n"}, "attachments": [{"name": "ScreenShot After Failure", "source": "0145abca-bbba-47b8-84bc-c1244b7428f9-attachment.png", "type": "image/png"}], "start": 1675983541030, "stop": 1675983542384}, {"name": "And I write \"039886544\" in \"מספר ת.ז.\"", "status": "passed", "start": 1675983542384, "stop": 1675983542498}, {"name": "And I write \"052-5768719\" in \"טלפון נייד\"", "status": "broken", "statusDetails": {"message": "selenium.common.exceptions.ElementClickInterceptedException: Message: element click intercepted: Element <p-dropdown autodisplayfirst=\"false\" class=\"p-mr-1 ng-tns-c58-2 p-inputwrapper-filled ng-valid ng-touched ng-dirty\">...</p-dropdown> is not clickable at point (1002, 432). Other element would receive the click: <div role=\"heading\" aria-level=\"3\" tabindex=\"-1\">...</div>\n  (Session info: chrome=109.0.5414.120)\nStacktrace:\nBacktrace:\n\t(No symbol) [0x00FA6643]\n\t(No symbol) [0x00F3BE21]\n\t(No symbol) [0x00E3DA9D]\n\t(No symbol) [0x00E792B2]\n\t(No symbol) [0x00E76970]\n\t(No symbol) [0x00E73E0B]\n\t(No symbol) [0x00E72548]\n\t(No symbol) [0x00E66B13]\n\t(No symbol) [0x00E8FD7C]\n\t(No symbol) [0x00E6641F]\n\t(No symbol) [0x00E900D4]\n\t(No symbol) [0x00EA6B09]\n\t(No symbol) [0x00E8FB76]\n\t(No symbol) [0x00E649C1]\n\t(No symbol) [0x00E65E5D]\n\tGetHandleVerifier [0x0121A142+2497106]\n\tGetHandleVerifier [0x012485D3+2686691]\n\tGetHandleVerifier [0x0124BB9C+2700460]\n\tGetHandleVerifier [0x01053B10+635936]\n\t(No symbol) [0x00F44A1F]\n\t(No symbol) [0x00F4A418]\n\t(No symbol) [0x00F4A505]\n\t(No symbol) [0x00F5508B]\n\tBaseThreadInitThunk [0x754E00F9+25]\n\tRtlGetAppContainerNamedObjectPath [0x77307BBE+286]\n\tRtlGetAppContainerNamedObjectPath [0x77307B8E+238]\n\n", "trace": "  File \"C:\\Users\\LENOVO\\Desktop\\JERUSALEMMUNI\\venv\\Lib\\site-packages\\behave\\model.py\", line 1329, in run\n    match.run(runner.context)\n  File \"C:\\Users\\LENOVO\\Desktop\\JERUSALEMMUNI\\venv\\Lib\\site-packages\\behave\\matchers.py\", line 98, in run\n    self.func(context, *args, **kwargs)\n  File \"steps\\general.py\", line 74, in write_into_text_field\n    widget.set_text(text, False)\n  File \"C:\\Users\\LENOVO\\Desktop\\JERUSALEMMUNI\\packages\\ui_widgets\\text_dropdown_field.py\", line 33, in set_text\n    self.dropdown_widget.set_text(new_text[0],use_child)\n  File \"C:\\Users\\LENOVO\\Desktop\\JERUSALEMMUNI\\packages\\ui_widgets\\dropdown_selector.py\", line 45, in set_text\n    self.select_listbox_item(text)\n  File \"C:\\Users\\LENOVO\\Desktop\\JERUSALEMMUNI\\packages\\ui_widgets\\dropdown_selector.py\", line 55, in select_listbox_item\n    self.click()\n  File \"C:\\Users\\LENOVO\\Desktop\\JERUSALEMMUNI\\packages\\ui_widgets\\dropdown_selector.py\", line 68, in click\n    self.web_element.click()\n  File \"C:\\Users\\LENOVO\\Desktop\\JERUSALEMMUNI\\venv\\Lib\\site-packages\\selenium\\webdriver\\remote\\webelement.py\", line 93, in click\n    self._execute(Command.CLICK_ELEMENT)\n  File \"C:\\Users\\LENOVO\\Desktop\\JERUSALEMMUNI\\venv\\Lib\\site-packages\\selenium\\webdriver\\remote\\webelement.py\", line 403, in _execute\n    return self._parent.execute(command, params)\n           ^^^^^^^^^^^^^^^^^^^^^^^^^^^^^^^^^^^^^\n  File \"C:\\Users\\LENOVO\\Desktop\\JERUSALEMMUNI\\venv\\Lib\\site-packages\\selenium\\webdriver\\remote\\webdriver.py\", line 440, in execute\n    self.error_handler.check_response(response)\n  File \"C:\\Users\\LENOVO\\Desktop\\JERUSALEMMUNI\\venv\\Lib\\site-packages\\selenium\\webdriver\\remote\\errorhandler.py\", line 245, in check_response\n    raise exception_class(message, screen, stacktrace)\n"}, "attachments": [{"name": "ScreenShot After Failure", "source": "c1e6699b-af97-43c1-bd75-4d83af3c9c2b-attachment.png", "type": "image/png"}], "start": 1675983542498, "stop": 1675983543876}, {"name": "And I write \"02-6287296\" in \"טלפון קווי\"", "status": "broken", "statusDetails": {"message": "selenium.common.exceptions.ElementClickInterceptedException: Message: element click intercepted: Element <p-dropdown autodisplayfirst=\"false\" class=\"p-mr-1 ng-tns-c58-3 p-inputwrapper-filled ng-valid ng-touched ng-dirty\">...</p-dropdown> is not clickable at point (687, 432). Other element would receive the click: <div id=\"INDmenuOverlay\"></div>\n  (Session info: chrome=109.0.5414.120)\nStacktrace:\nBacktrace:\n\t(No symbol) [0x00FA6643]\n\t(No symbol) [0x00F3BE21]\n\t(No symbol) [0x00E3DA9D]\n\t(No symbol) [0x00E792B2]\n\t(No symbol) [0x00E76970]\n\t(No symbol) [0x00E73E0B]\n\t(No symbol) [0x00E72548]\n\t(No symbol) [0x00E66B13]\n\t(No symbol) [0x00E8FD7C]\n\t(No symbol) [0x00E6641F]\n\t(No symbol) [0x00E900D4]\n\t(No symbol) [0x00EA6B09]\n\t(No symbol) [0x00E8FB76]\n\t(No symbol) [0x00E649C1]\n\t(No symbol) [0x00E65E5D]\n\tGetHandleVerifier [0x0121A142+2497106]\n\tGetHandleVerifier [0x012485D3+2686691]\n\tGetHandleVerifier [0x0124BB9C+2700460]\n\tGetHandleVerifier [0x01053B10+635936]\n\t(No symbol) [0x00F44A1F]\n\t(No symbol) [0x00F4A418]\n\t(No symbol) [0x00F4A505]\n\t(No symbol) [0x00F5508B]\n\tBaseThreadInitThunk [0x754E00F9+25]\n\tRtlGetAppContainerNamedObjectPath [0x77307BBE+286]\n\tRtlGetAppContainerNamedObjectPath [0x77307B8E+238]\n\n", "trace": "  File \"C:\\Users\\LENOVO\\Desktop\\JERUSALEMMUNI\\venv\\Lib\\site-packages\\behave\\model.py\", line 1329, in run\n    match.run(runner.context)\n  File \"C:\\Users\\LENOVO\\Desktop\\JERUSALEMMUNI\\venv\\Lib\\site-packages\\behave\\matchers.py\", line 98, in run\n    self.func(context, *args, **kwargs)\n  File \"steps\\general.py\", line 74, in write_into_text_field\n    widget.set_text(text, False)\n  File \"C:\\Users\\LENOVO\\Desktop\\JERUSALEMMUNI\\packages\\ui_widgets\\text_dropdown_field.py\", line 33, in set_text\n    self.dropdown_widget.set_text(new_text[0],use_child)\n  File \"C:\\Users\\LENOVO\\Desktop\\JERUSALEMMUNI\\packages\\ui_widgets\\dropdown_selector.py\", line 45, in set_text\n    self.select_listbox_item(text)\n  File \"C:\\Users\\LENOVO\\Desktop\\JERUSALEMMUNI\\packages\\ui_widgets\\dropdown_selector.py\", line 55, in select_listbox_item\n    self.click()\n  File \"C:\\Users\\LENOVO\\Desktop\\JERUSALEMMUNI\\packages\\ui_widgets\\dropdown_selector.py\", line 68, in click\n    self.web_element.click()\n  File \"C:\\Users\\LENOVO\\Desktop\\JERUSALEMMUNI\\venv\\Lib\\site-packages\\selenium\\webdriver\\remote\\webelement.py\", line 93, in click\n    self._execute(Command.CLICK_ELEMENT)\n  File \"C:\\Users\\LENOVO\\Desktop\\JERUSALEMMUNI\\venv\\Lib\\site-packages\\selenium\\webdriver\\remote\\webelement.py\", line 403, in _execute\n    return self._parent.execute(command, params)\n           ^^^^^^^^^^^^^^^^^^^^^^^^^^^^^^^^^^^^^\n  File \"C:\\Users\\LENOVO\\Desktop\\JERUSALEMMUNI\\venv\\Lib\\site-packages\\selenium\\webdriver\\remote\\webdriver.py\", line 440, in execute\n    self.error_handler.check_response(response)\n  File \"C:\\Users\\LENOVO\\Desktop\\JERUSALEMMUNI\\venv\\Lib\\site-packages\\selenium\\webdriver\\remote\\errorhandler.py\", line 245, in check_response\n    raise exception_class(message, screen, stacktrace)\n"}, "attachments": [{"name": "ScreenShot After Failure", "source": "9c83a61e-7a01-4212-88aa-998a3631e5dc-attachment.png", "type": "image/png"}], "start": 1675983543876, "stop": 1675983545198}, {"name": "And I write \"darweeshq@ness-tech.co.il\" in \"דוא\"ל\"", "status": "passed", "start": 1675983545198, "stop": 1675983545333}, {"name": "And I click on \"המשך\"", "status": "passed", "start": 1675983545333, "stop": 1675983545426}, {"name": "Then Dialog should not be displayed with \"לצורך המשך מילוי הטופס\"", "status": "passed", "start": 1675983545426, "stop": 1675983545450}], "start": 1675983540826, "stop": 1675983545451, "uuid": "81965647-e0a9-4bb8-883b-d6614ae4934d", "historyId": "d648a9841a3797f5b3bb845c80d16b1f", "fullName": "Testing FreedomInfo page: Fill valid values except First Name field, then click continue button to check the process,", "labels": [{"name": "severity", "value": "normal"}, {"name": "tag", "value": "Blocker:"}, {"name": "feature", "value": "Testing FreedomInfo page"}, {"name": "framework", "value": "behave"}, {"name": "language", "value": "cpython3"}]}