{"name": "First name field test with invalid values to test the alert \"only numbers and special characters allowed\" message -- @1.11 ", "status": "broken", "statusDetails": {"message": "selenium.common.exceptions.NoSuchWindowException: Message: no such window: target window already closed\nfrom unknown error: web view not found\n  (Session info: chrome=109.0.5414.120)\nStacktrace:\nBacktrace:\n\t(No symbol) [0x00FA6643]\n\t(No symbol) [0x00F3BE21]\n\t(No symbol) [0x00E3DA9D]\n\t(No symbol) [0x00E1EF6A]\n\t(No symbol) [0x00E93AAB]\n\t(No symbol) [0x00EA61B6]\n\t(No symbol) [0x00E8FB76]\n\t(No symbol) [0x00E649C1]\n\t(No symbol) [0x00E65E5D]\n\tGetHandleVerifier [0x0121A142+2497106]\n\tGetHandleVerifier [0x012485D3+2686691]\n\tGetHandleVerifier [0x0124BB9C+2700460]\n\tGetHandleVerifier [0x01053B10+635936]\n\t(No symbol) [0x00F44A1F]\n\t(No symbol) [0x00F4A418]\n\t(No symbol) [0x00F4A505]\n\t(No symbol) [0x00F5508B]\n\tBaseThreadInitThunk [0x754E00F9+25]\n\tRtlGetAppContainerNamedObjectPath [0x77307BBE+286]\n\tRtlGetAppContainerNamedObjectPath [0x77307B8E+238]\n\n", "trace": "  File \"C:\\Users\\LENOVO\\Desktop\\JERUSALEMMUNI\\venv\\Lib\\site-packages\\behave\\runner.py\", line 545, in run_hook\n    self.hooks[name](context, *args)\n  File \"environment.py\", line 31, in after_step\n    context.driver.save_screenshot(screenshot)\n  File \"C:\\Users\\LENOVO\\Desktop\\JERUSALEMMUNI\\venv\\Lib\\site-packages\\selenium\\webdriver\\remote\\webdriver.py\", line 916, in save_screenshot\n    return self.get_screenshot_as_file(filename)\n           ^^^^^^^^^^^^^^^^^^^^^^^^^^^^^^^^^^^^^\n  File \"C:\\Users\\LENOVO\\Desktop\\JERUSALEMMUNI\\venv\\Lib\\site-packages\\selenium\\webdriver\\remote\\webdriver.py\", line 892, in get_screenshot_as_file\n    png = self.get_screenshot_as_png()\n          ^^^^^^^^^^^^^^^^^^^^^^^^^^^^\n  File \"C:\\Users\\LENOVO\\Desktop\\JERUSALEMMUNI\\venv\\Lib\\site-packages\\selenium\\webdriver\\remote\\webdriver.py\", line 926, in get_screenshot_as_png\n    return b64decode(self.get_screenshot_as_base64().encode(\"ascii\"))\n                     ^^^^^^^^^^^^^^^^^^^^^^^^^^^^^^^\n  File \"C:\\Users\\LENOVO\\Desktop\\JERUSALEMMUNI\\venv\\Lib\\site-packages\\selenium\\webdriver\\remote\\webdriver.py\", line 937, in get_screenshot_as_base64\n    return self.execute(Command.SCREENSHOT)[\"value\"]\n           ^^^^^^^^^^^^^^^^^^^^^^^^^^^^^^^^\n  File \"C:\\Users\\LENOVO\\Desktop\\JERUSALEMMUNI\\venv\\Lib\\site-packages\\selenium\\webdriver\\remote\\webdriver.py\", line 440, in execute\n    self.error_handler.check_response(response)\n  File \"C:\\Users\\LENOVO\\Desktop\\JERUSALEMMUNI\\venv\\Lib\\site-packages\\selenium\\webdriver\\remote\\errorhandler.py\", line 245, in check_response\n    raise exception_class(message, screen, stacktrace)\n"}, "steps": [{"name": "Given I navigate to \"ConfirmationForStructure\" page", "status": "passed", "start": 1676289653767, "stop": 1676289653767}, {"name": "When I write \"אבג/12\" in \"שם פרטי\"", "status": "broken", "statusDetails": {"message": "selenium.common.exceptions.NoSuchWindowException: Message: no such window: target window already closed\nfrom unknown error: web view not found\n  (Session info: chrome=109.0.5414.120)\nStacktrace:\nBacktrace:\n\t(No symbol) [0x00FA6643]\n\t(No symbol) [0x00F3BE21]\n\t(No symbol) [0x00E3DA9D]\n\t(No symbol) [0x00E1EF6A]\n\t(No symbol) [0x00E93AAB]\n\t(No symbol) [0x00EA61B6]\n\t(No symbol) [0x00E8FB76]\n\t(No symbol) [0x00E649C1]\n\t(No symbol) [0x00E65E5D]\n\tGetHandleVerifier [0x0121A142+2497106]\n\tGetHandleVerifier [0x012485D3+2686691]\n\tGetHandleVerifier [0x0124BB9C+2700460]\n\tGetHandleVerifier [0x01053B10+635936]\n\t(No symbol) [0x00F44A1F]\n\t(No symbol) [0x00F4A418]\n\t(No symbol) [0x00F4A505]\n\t(No symbol) [0x00F5508B]\n\tBaseThreadInitThunk [0x754E00F9+25]\n\tRtlGetAppContainerNamedObjectPath [0x77307BBE+286]\n\tRtlGetAppContainerNamedObjectPath [0x77307B8E+238]\n\n", "trace": "  File \"C:\\Users\\LENOVO\\Desktop\\JERUSALEMMUNI\\venv\\Lib\\site-packages\\behave\\runner.py\", line 545, in run_hook\n    self.hooks[name](context, *args)\n  File \"environment.py\", line 31, in after_step\n    context.driver.save_screenshot(screenshot)\n  File \"C:\\Users\\LENOVO\\Desktop\\JERUSALEMMUNI\\venv\\Lib\\site-packages\\selenium\\webdriver\\remote\\webdriver.py\", line 916, in save_screenshot\n    return self.get_screenshot_as_file(filename)\n           ^^^^^^^^^^^^^^^^^^^^^^^^^^^^^^^^^^^^^\n  File \"C:\\Users\\LENOVO\\Desktop\\JERUSALEMMUNI\\venv\\Lib\\site-packages\\selenium\\webdriver\\remote\\webdriver.py\", line 892, in get_screenshot_as_file\n    png = self.get_screenshot_as_png()\n          ^^^^^^^^^^^^^^^^^^^^^^^^^^^^\n  File \"C:\\Users\\LENOVO\\Desktop\\JERUSALEMMUNI\\venv\\Lib\\site-packages\\selenium\\webdriver\\remote\\webdriver.py\", line 926, in get_screenshot_as_png\n    return b64decode(self.get_screenshot_as_base64().encode(\"ascii\"))\n                     ^^^^^^^^^^^^^^^^^^^^^^^^^^^^^^^\n  File \"C:\\Users\\LENOVO\\Desktop\\JERUSALEMMUNI\\venv\\Lib\\site-packages\\selenium\\webdriver\\remote\\webdriver.py\", line 937, in get_screenshot_as_base64\n    return self.execute(Command.SCREENSHOT)[\"value\"]\n           ^^^^^^^^^^^^^^^^^^^^^^^^^^^^^^^^\n  File \"C:\\Users\\LENOVO\\Desktop\\JERUSALEMMUNI\\venv\\Lib\\site-packages\\selenium\\webdriver\\remote\\webdriver.py\", line 440, in execute\n    self.error_handler.check_response(response)\n  File \"C:\\Users\\LENOVO\\Desktop\\JERUSALEMMUNI\\venv\\Lib\\site-packages\\selenium\\webdriver\\remote\\errorhandler.py\", line 245, in check_response\n    raise exception_class(message, screen, stacktrace)\n"}, "start": 1676289653767, "stop": 1676289653798}, {"name": "Then field \"שם פרטי\" has invalid value and with alert \"יש להזין אותיות בעברית בלבד ותווים מיוחדים\"", "status": "broken", "statusDetails": {"message": "selenium.common.exceptions.NoSuchWindowException: Message: no such window: target window already closed\nfrom unknown error: web view not found\n  (Session info: chrome=109.0.5414.120)\nStacktrace:\nBacktrace:\n\t(No symbol) [0x00FA6643]\n\t(No symbol) [0x00F3BE21]\n\t(No symbol) [0x00E3DA9D]\n\t(No symbol) [0x00E1EF6A]\n\t(No symbol) [0x00E93AAB]\n\t(No symbol) [0x00EA61B6]\n\t(No symbol) [0x00E8FB76]\n\t(No symbol) [0x00E649C1]\n\t(No symbol) [0x00E65E5D]\n\tGetHandleVerifier [0x0121A142+2497106]\n\tGetHandleVerifier [0x012485D3+2686691]\n\tGetHandleVerifier [0x0124BB9C+2700460]\n\tGetHandleVerifier [0x01053B10+635936]\n\t(No symbol) [0x00F44A1F]\n\t(No symbol) [0x00F4A418]\n\t(No symbol) [0x00F4A505]\n\t(No symbol) [0x00F5508B]\n\tBaseThreadInitThunk [0x754E00F9+25]\n\tRtlGetAppContainerNamedObjectPath [0x77307BBE+286]\n\tRtlGetAppContainerNamedObjectPath [0x77307B8E+238]\n\n", "trace": "  File \"C:\\Users\\LENOVO\\Desktop\\JERUSALEMMUNI\\venv\\Lib\\site-packages\\behave\\runner.py\", line 545, in run_hook\n    self.hooks[name](context, *args)\n  File \"environment.py\", line 31, in after_step\n    context.driver.save_screenshot(screenshot)\n  File \"C:\\Users\\LENOVO\\Desktop\\JERUSALEMMUNI\\venv\\Lib\\site-packages\\selenium\\webdriver\\remote\\webdriver.py\", line 916, in save_screenshot\n    return self.get_screenshot_as_file(filename)\n           ^^^^^^^^^^^^^^^^^^^^^^^^^^^^^^^^^^^^^\n  File \"C:\\Users\\LENOVO\\Desktop\\JERUSALEMMUNI\\venv\\Lib\\site-packages\\selenium\\webdriver\\remote\\webdriver.py\", line 892, in get_screenshot_as_file\n    png = self.get_screenshot_as_png()\n          ^^^^^^^^^^^^^^^^^^^^^^^^^^^^\n  File \"C:\\Users\\LENOVO\\Desktop\\JERUSALEMMUNI\\venv\\Lib\\site-packages\\selenium\\webdriver\\remote\\webdriver.py\", line 926, in get_screenshot_as_png\n    return b64decode(self.get_screenshot_as_base64().encode(\"ascii\"))\n                     ^^^^^^^^^^^^^^^^^^^^^^^^^^^^^^^\n  File \"C:\\Users\\LENOVO\\Desktop\\JERUSALEMMUNI\\venv\\Lib\\site-packages\\selenium\\webdriver\\remote\\webdriver.py\", line 937, in get_screenshot_as_base64\n    return self.execute(Command.SCREENSHOT)[\"value\"]\n           ^^^^^^^^^^^^^^^^^^^^^^^^^^^^^^^^\n  File \"C:\\Users\\LENOVO\\Desktop\\JERUSALEMMUNI\\venv\\Lib\\site-packages\\selenium\\webdriver\\remote\\webdriver.py\", line 440, in execute\n    self.error_handler.check_response(response)\n  File \"C:\\Users\\LENOVO\\Desktop\\JERUSALEMMUNI\\venv\\Lib\\site-packages\\selenium\\webdriver\\remote\\errorhandler.py\", line 245, in check_response\n    raise exception_class(message, screen, stacktrace)\n"}, "start": 1676289653799, "stop": 1676289653832}], "parameters": [{"name": "text", "value": "אבג/12"}], "start": 1676289653766, "stop": 1676289653833, "uuid": "8b5ef554-8fba-4e3f-8801-63bc9e5d526a", "historyId": "56a2bfb21606e12cd7ebd1f3435a6a11", "fullName": "Testing confirmation for structure page: First name field test with invalid values to test the alert \"only numbers and special characters allowed\" message", "labels": [{"name": "severity", "value": "critical"}, {"name": "feature", "value": "Testing confirmation for structure page"}, {"name": "framework", "value": "behave"}, {"name": "language", "value": "cpython3"}]}